#
# A fatal error has been detected by the Java Runtime Environment:
#
#  Internal Error (javaClasses.cpp:129), pid=5516, tid=5384
#  fatal error: Invalid layout of preloaded class
#
# JRE version: 7.0_21-b11
# Java VM: Java HotSpot(TM) 64-Bit Server VM (23.21-b01 mixed mode windows-amd64 compressed oops)
# Failed to write core dump. Minidumps are not enabled by default on client versions of Windows
#
# If you would like to submit a bug report, please visit:
#   http://bugreport.sun.com/bugreport/crash.jsp
#

---------------  T H R E A D  ---------------

Current thread (0x000000000023d800):  JavaThread "Unknown thread" [_thread_in_vm, id=5384, stack(0x00000000023d0000,0x00000000024d0000)]

Stack: [0x00000000023d0000,0x00000000024d0000]

---------------  P R O C E S S  ---------------

Java Threads: ( => current thread )

Other Threads:

=>0x000000000023d800 (exited) JavaThread "Unknown thread" [_thread_in_vm, id=5384, stack(0x00000000023d0000,0x00000000024d0000)]

VM state:not at safepoint (not fully initialized)

VM Mutex/Monitor currently owned by a thread: None

GC Heap History (0 events):
No events

Deoptimization events (0 events):
No events

Internal exceptions (0 events):
No events

Events (10 events):
Event: 0.022 loading class 0x00000000020e3000 done
Event: 0.022 loading class 0x00000000020a4840 done
Event: 0.022 loading class 0x00000000020a4810
Event: 0.022 loading class 0x00000000020eb340
Event: 0.022 loading class 0x00000000020eb340 done
Event: 0.022 loading class 0x00000000020eb380
Event: 0.022 loading class 0x00000000020eb380 done
Event: 0.022 loading class 0x0000000002134390
Event: 0.022 loading class 0x0000000002134390 done
Event: 0.023 loading class 0x00000000020a4810 done


Dynamic libraries:
0x000000013fed0000 - 0x000000013ff03000 	C:\Program Files\Java\jre7\bin\javaw.exe
0x0000000076ed0000 - 0x0000000077079000 	C:\windows\SYSTEM32\ntdll.dll
0x0000000076cb0000 - 0x0000000076dcf000 	C:\windows\system32\kernel32.dll
0x000007fefcd60000 - 0x000007fefcdcb000 	C:\windows\system32\KERNELBASE.dll
0x000007fefdf40000 - 0x000007fefe01b000 	C:\windows\system32\ADVAPI32.dll
0x000007fefd130000 - 0x000007fefd1cf000 	C:\windows\system32\msvcrt.dll
0x000007fefee80000 - 0x000007fefee9f000 	C:\windows\SYSTEM32\sechost.dll
0x000007feff0b0000 - 0x000007feff1dd000 	C:\windows\system32\RPCRT4.dll
0x0000000076dd0000 - 0x0000000076eca000 	C:\windows\system32\USER32.dll
0x000007fefd930000 - 0x000007fefd997000 	C:\windows\system32\GDI32.dll
0x000007fefd640000 - 0x000007fefd64e000 	C:\windows\system32\LPK.dll
0x000007fefd9a0000 - 0x000007fefda69000 	C:\windows\system32\USP10.dll
0x000007fefa960000 - 0x000007fefab54000 	C:\windows\WinSxS\amd64_microsoft.windows.common-controls_6595b64144ccf1df_6.0.7601.17514_none_fa396087175ac9ac\COMCTL32.dll
0x000007fefe020000 - 0x000007fefe091000 	C:\windows\system32\SHLWAPI.dll
0x000007fefd0e0000 - 0x000007fefd10e000 	C:\windows\system32\IMM32.DLL
0x000007fefdb20000 - 0x000007fefdc29000 	C:\windows\system32\MSCTF.dll
0x0000000061500000 - 0x00000000615d1000 	C:\Program Files\Java\jre7\bin\msvcr100.dll
0x000000005eb00000 - 0x000000005f221000 	C:\Program Files\Java\jre7\bin\server\jvm.dll
0x000007fefa320000 - 0x000007fefa329000 	C:\windows\system32\WSOCK32.dll
0x000007fefee30000 - 0x000007fefee7d000 	C:\windows\system32\WS2_32.dll
0x000007fefda70000 - 0x000007fefda78000 	C:\windows\system32\NSI.dll
0x000007fefa550000 - 0x000007fefa58b000 	C:\windows\system32\WINMM.dll
0x00000000770a0000 - 0x00000000770a7000 	C:\windows\system32\PSAPI.DLL
0x0000000074a90000 - 0x0000000074a9f000 	C:\Program Files\Java\jre7\bin\verify.dll
0x0000000074a60000 - 0x0000000074a88000 	C:\Program Files\Java\jre7\bin\java.dll
0x000000006bbd0000 - 0x000000006bbe5000 	C:\Program Files\Java\jre7\bin\zip.dll

VM Arguments:
jvm_args: -Dfile.encoding=Cp1252 -Xbootclasspath/p:C:\Users\Jake Oxenford\android-sdks\platforms\android-17\android.jar;C:\Users\Jake Oxenford\android-sdks\add-ons\addon-google_apis-google-17\libs\effects.jar;C:\Users\Jake Oxenford\android-sdks\add-ons\addon-google_apis-google-17\libs\usb.jar;C:\Users\Jake Oxenford\android-sdks\add-ons\addon-google_apis-google-17\libs\maps.jar 
java_command: edu.ycp.cs481.shared.persistence.addingTourModeWaypoints
Launcher Type: SUN_STANDARD

Environment Variables:
CLASSPATH=.;.;C:\PROGRA~2\JMF21~1.1E\lib\sound.jar;C:\PROGRA~2\JMF21~1.1E\lib\jmf.jar;C:\PROGRA~2\JMF21~1.1E\lib;C:\windows\java\classes;.
PATH=C:\Program Files\Common Files\Microsoft Shared\Windows Live;C:\Program Files (x86)\Common Files\Microsoft Shared\Windows Live;C:\Program Files (x86)\JavaFX\javafx-sdk1.3\bin;C:\Program Files (x86)\JavaFX\javafx-sdk1.3\emulator\bin;C:\Program Files (x86)\PC Connectivity Solution\;C:\windows\system32;C:\windows;C:\windows\System32\Wbem;C:\windows\System32\WindowsPowerShell\v1.0\;C:\Program Files (x86)\Common Files\Roxio Shared\DLLShared\;C:\Program Files (x86)\Common Files\Ulead Systems\MPEG;C:\Program Files (x86)\Windows Live\Shared;c:\Program Files (x86)\Microsoft SQL Server\90\Tools\binn\;c:\MoSync\bin;c:\Program Files (x86)\Microsoft SQL Server\100\Tools\Binn\;c:\Program Files\Microsoft SQL Server\100\Tools\Binn\;c:\Program Files\Microsoft SQL Server\100\DTS\Binn\;C:\Program Files\Common Files\Autodesk Shared\;C:\Program Files (x86)\PharosSystems\Core;C:\Program Files\Microsoft\Web Platform Installer\;C:\Program Files (x86)\Microsoft ASP.NET\ASP.NET Web Pages\v1.0\;C:\Program Files (x86)\Windows Kits\8.0\Windows Performance Toolkit\;C:\Program Files\Microsoft SQL Server\110\Tools\Binn\;C:\Program Files (x86)\QuickTime\QTSystem\;C:\Program Files (x86)\Microsoft Visual Studio\Common\Tools\WinNT;C:\Program Files (x86)\Microsoft Visual Studio\Common\MSDev98\Bin;C:\Program Files (x86)\Microsoft Visual Studio\Common\Tools;C:\Program Files (x86)\Microsoft Visual Studio\VC98\bin
USERNAME=Jake Oxenford
OS=Windows_NT
PROCESSOR_IDENTIFIER=Intel64 Family 6 Model 37 Stepping 2, GenuineIntel



---------------  S Y S T E M  ---------------

OS: Windows 7 , 64 bit Build 7601 Service Pack 1

CPU:total 4 (2 cores per cpu, 2 threads per core) family 6 model 37 stepping 2, cmov, cx8, fxsr, mmx, sse, sse2, sse3, ssse3, sse4.1, sse4.2, popcnt, ht, tsc, tscinvbit

Memory: 4k page, physical 3988324k(1226744k free), swap 7974784k(3852896k free)

vm_info: Java HotSpot(TM) 64-Bit Server VM (23.21-b01) for windows-amd64 JRE (1.7.0_21-b11), built on Apr  4 2013 08:11:28 by "java_re" with unknown MS VC++:1600

time: Sun Dec 08 21:46:31 2013
elapsed time: 0 seconds

