#
# A fatal error has been detected by the Java Runtime Environment:
#
#  Internal Error (javaClasses.cpp:129), pid=2986, tid=3060394816
#  fatal error: Invalid layout of preloaded class
#
# JRE version: 7.0_21-b02
# Java VM: OpenJDK Server VM (23.7-b01 mixed mode linux-x86 )
# Failed to write core dump. Core dumps have been disabled. To enable core dumping, try "ulimit -c unlimited" before starting Java again
#
# If you would like to submit a bug report, please include
# instructions on how to reproduce the bug and visit:
#   https://bugs.launchpad.net/ubuntu/+source/openjdk-7/
#

---------------  T H R E A D  ---------------

Current thread (0xb6506c00):  JavaThread "Unknown thread" [_thread_in_vm, id=2992, stack(0xb664e000,0xb669f000)]

Stack: [0xb664e000,0xb669f000]
[error occurred during error reporting (printing stack bounds), id 0xb]


[error occurred during error reporting (printing native stack), id 0xb]


---------------  P R O C E S S  ---------------

Java Threads: ( => current thread )

Other Threads:

=>0xb6506c00 (exited) JavaThread "Unknown thread" [_thread_in_vm, id=2992, stack(0xb664e000,0xb669f000)]

VM state:not at safepoint (not fully initialized)

VM Mutex/Monitor currently owned by a thread: None

GC Heap History (0 events):
No events

Deoptimization events (0 events):
No events

Internal exceptions (0 events):
No events

Events (10 events):
Event: 0.008 loading class 0xb6534a50 done
Event: 0.008 loading class 0xb6534390 done
Event: 0.008 loading class 0xb6534368
Event: 0.009 loading class 0xb6554398
Event: 0.009 loading class 0xb6554398 done
Event: 0.009 loading class 0xb65543d0
Event: 0.009 loading class 0xb65543d0 done
Event: 0.009 loading class 0xb6554408
Event: 0.009 loading class 0xb6554408 done
Event: 0.009 loading class 0xb6534368 done


Dynamic libraries:
08048000-08049000 r-xp 00000000 08:01 25038075   /usr/lib/jvm/java-7-openjdk-i386/jre/bin/java
08049000-0804a000 r--p 00000000 08:01 25038075   /usr/lib/jvm/java-7-openjdk-i386/jre/bin/java
0804a000-0804b000 rw-p 00001000 08:01 25038075   /usr/lib/jvm/java-7-openjdk-i386/jre/bin/java
09da2000-09dc3000 rw-p 00000000 00:00 0          [heap]
691f2000-692bc000 r--s 011ad000 08:01 28579107   /home/dandrew2/Downloads/adt-bundle-linux-x86-20130917/sdk/platforms/android-18/android.jar
692bc000-6c100000 rw-p 00000000 00:00 0 
6c100000-6c121000 rw-p 00000000 00:00 0 
6c121000-6c200000 ---p 00000000 00:00 0 
6c27f000-6c280000 ---p 00000000 00:00 0 
6c280000-6c300000 rw-p 00000000 00:00 0          [stack:2996]
6c300000-6c321000 rw-p 00000000 00:00 0 
6c321000-6c400000 ---p 00000000 00:00 0 
6c400000-6c421000 rw-p 00000000 00:00 0 
6c421000-6c500000 ---p 00000000 00:00 0 
6c57f000-6c580000 ---p 00000000 00:00 0 
6c580000-6c600000 rw-p 00000000 00:00 0          [stack:2995]
6c600000-6c621000 rw-p 00000000 00:00 0 
6c621000-6c700000 ---p 00000000 00:00 0 
6c716000-6c73b000 rw-p 00000000 00:00 0 
6c73b000-6c73c000 ---p 00000000 00:00 0 
6c73c000-6c7bc000 rw-p 00000000 00:00 0          [stack:2994]
6c7bc000-6c7bd000 ---p 00000000 00:00 0 
6c7bd000-6c845000 rw-p 00000000 00:00 0          [stack:2993]
6c845000-6c87d000 rw-p 00000000 00:00 0 
6c87d000-6c892000 rw-p 00000000 00:00 0 
6c892000-6c9cb000 rw-p 00000000 00:00 0 
6c9cb000-6c9d3000 rw-p 00000000 00:00 0 
6c9d3000-6ca0b000 rw-p 00000000 00:00 0 
6ca0b000-6ca20000 rw-p 00000000 00:00 0 
6ca20000-6cb58000 rw-p 00000000 00:00 0 
6cb58000-6cb63000 rw-p 00000000 00:00 0 
6cb63000-6cbff000 rw-p 00000000 00:00 0 
6cbff000-6dc00000 rw-p 00000000 00:00 0 
6dc00000-74c00000 rw-p 00000000 00:00 0 
74c00000-775a0000 rw-p 00000000 00:00 0 
775a0000-9e6b0000 rw-p 00000000 00:00 0 
9e6b0000-9fb80000 rw-p 00000000 00:00 0 
9fb80000-b3400000 rw-p 00000000 00:00 0 
b3405000-b340e000 rw-p 00000000 00:00 0 
b340e000-b34c5000 rw-p 00000000 00:00 0 
b34c5000-b3705000 rwxp 00000000 00:00 0 
b3705000-b64c5000 rw-p 00000000 00:00 0 
b64c5000-b64d0000 r-xp 00000000 08:01 12321679   /lib/i386-linux-gnu/libnss_files-2.17.so
b64d0000-b64d1000 r--p 0000a000 08:01 12321679   /lib/i386-linux-gnu/libnss_files-2.17.so
b64d1000-b64d2000 rw-p 0000b000 08:01 12321679   /lib/i386-linux-gnu/libnss_files-2.17.so
b64d2000-b64dc000 r-xp 00000000 08:01 12321683   /lib/i386-linux-gnu/libnss_nis-2.17.so
b64dc000-b64dd000 r--p 00009000 08:01 12321683   /lib/i386-linux-gnu/libnss_nis-2.17.so
b64dd000-b64de000 rw-p 0000a000 08:01 12321683   /lib/i386-linux-gnu/libnss_nis-2.17.so
b64de000-b64f3000 r-xp 00000000 08:01 12321673   /lib/i386-linux-gnu/libnsl-2.17.so
b64f3000-b64f4000 r--p 00014000 08:01 12321673   /lib/i386-linux-gnu/libnsl-2.17.so
b64f4000-b64f5000 rw-p 00015000 08:01 12321673   /lib/i386-linux-gnu/libnsl-2.17.so
b64f5000-b64f7000 rw-p 00000000 00:00 0 
b64f7000-b64fe000 r-xp 00000000 08:01 12321675   /lib/i386-linux-gnu/libnss_compat-2.17.so
b64fe000-b64ff000 r--p 00006000 08:01 12321675   /lib/i386-linux-gnu/libnss_compat-2.17.so
b64ff000-b6500000 rw-p 00007000 08:01 12321675   /lib/i386-linux-gnu/libnss_compat-2.17.so
b6500000-b655f000 rw-p 00000000 00:00 0 
b655f000-b6600000 ---p 00000000 00:00 0 
b660a000-b6612000 r-xp 00000000 08:01 25038171   /usr/lib/jvm/java-7-openjdk-i386/jre/lib/i386/libzip.so
b6612000-b6613000 r--p 00007000 08:01 25038171   /usr/lib/jvm/java-7-openjdk-i386/jre/lib/i386/libzip.so
b6613000-b6614000 rw-p 00008000 08:01 25038171   /usr/lib/jvm/java-7-openjdk-i386/jre/lib/i386/libzip.so
b6614000-b661c000 rw-s 00000000 08:01 25956730   /tmp/hsperfdata_dandrew2/2986
b661c000-b6643000 r-xp 00000000 08:01 25038149   /usr/lib/jvm/java-7-openjdk-i386/jre/lib/i386/libjava.so
b6643000-b6644000 r--p 00026000 08:01 25038149   /usr/lib/jvm/java-7-openjdk-i386/jre/lib/i386/libjava.so
b6644000-b6645000 rw-p 00027000 08:01 25038149   /usr/lib/jvm/java-7-openjdk-i386/jre/lib/i386/libjava.so
b6645000-b664c000 r-xp 00000000 08:01 12321726   /lib/i386-linux-gnu/librt-2.17.so
b664c000-b664d000 r--p 00006000 08:01 12321726   /lib/i386-linux-gnu/librt-2.17.so
b664d000-b664e000 rw-p 00007000 08:01 12321726   /lib/i386-linux-gnu/librt-2.17.so
b664e000-b6651000 ---p 00000000 00:00 0 
b6651000-b669f000 rw-p 00000000 00:00 0          [stack:2992]
b669f000-b66ba000 r-xp 00000000 08:01 12321631   /lib/i386-linux-gnu/libgcc_s.so.1
b66ba000-b66bb000 r--p 0001a000 08:01 12321631   /lib/i386-linux-gnu/libgcc_s.so.1
b66bb000-b66bc000 rw-p 0001b000 08:01 12321631   /lib/i386-linux-gnu/libgcc_s.so.1
b66bc000-b66fd000 r-xp 00000000 08:01 12321654   /lib/i386-linux-gnu/libm-2.17.so
b66fd000-b66fe000 r--p 00040000 08:01 12321654   /lib/i386-linux-gnu/libm-2.17.so
b66fe000-b66ff000 rw-p 00041000 08:01 12321654   /lib/i386-linux-gnu/libm-2.17.so
b66ff000-b67db000 r-xp 00000000 08:01 24910624   /usr/lib/i386-linux-gnu/libstdc++.so.6.0.17
b67db000-b67dc000 ---p 000dc000 08:01 24910624   /usr/lib/i386-linux-gnu/libstdc++.so.6.0.17
b67dc000-b67e0000 r--p 000dc000 08:01 24910624   /usr/lib/i386-linux-gnu/libstdc++.so.6.0.17
b67e0000-b67e1000 rw-p 000e0000 08:01 24910624   /usr/lib/i386-linux-gnu/libstdc++.so.6.0.17
b67e1000-b67e8000 rw-p 00000000 00:00 0 
b67e8000-b70dd000 r-xp 00000000 08:01 25038182   /usr/lib/jvm/java-7-openjdk-i386/jre/lib/i386/server/libjvm.so
b70dd000-b7124000 r--p 008f4000 08:01 25038182   /usr/lib/jvm/java-7-openjdk-i386/jre/lib/i386/server/libjvm.so
b7124000-b7138000 rw-p 0093b000 08:01 25038182   /usr/lib/jvm/java-7-openjdk-i386/jre/lib/i386/server/libjvm.so
b7138000-b7556000 rw-p 00000000 00:00 0 
b7556000-b756d000 r-xp 00000000 08:01 12321759   /lib/i386-linux-gnu/libz.so.1.2.7
b756d000-b756e000 r--p 00016000 08:01 12321759   /lib/i386-linux-gnu/libz.so.1.2.7
b756e000-b756f000 rw-p 00017000 08:01 12321759   /lib/i386-linux-gnu/libz.so.1.2.7
b756f000-b7586000 r-xp 00000000 08:01 12321718   /lib/i386-linux-gnu/libpthread-2.17.so
b7586000-b7587000 r--p 00016000 08:01 12321718   /lib/i386-linux-gnu/libpthread-2.17.so
b7587000-b7588000 rw-p 00017000 08:01 12321718   /lib/i386-linux-gnu/libpthread-2.17.so
b7588000-b758a000 rw-p 00000000 00:00 0 
b758a000-b758d000 r-xp 00000000 08:01 12321621   /lib/i386-linux-gnu/libdl-2.17.so
b758d000-b758e000 r--p 00002000 08:01 12321621   /lib/i386-linux-gnu/libdl-2.17.so
b758e000-b758f000 rw-p 00003000 08:01 12321621   /lib/i386-linux-gnu/libdl-2.17.so
b758f000-b773c000 r-xp 00000000 08:01 12321606   /lib/i386-linux-gnu/libc-2.17.so
b773c000-b773e000 r--p 001ad000 08:01 12321606   /lib/i386-linux-gnu/libc-2.17.so
b773e000-b773f000 rw-p 001af000 08:01 12321606   /lib/i386-linux-gnu/libc-2.17.so
b773f000-b7742000 rw-p 00000000 00:00 0 
b7746000-b7747000 rw-p 00000000 00:00 0 
b7747000-b7748000 r--p 00000000 00:00 0 
b7748000-b7755000 r-xp 00000000 08:01 25038170   /usr/lib/jvm/java-7-openjdk-i386/jre/lib/i386/libverify.so
b7755000-b7756000 r--p 0000d000 08:01 25038170   /usr/lib/jvm/java-7-openjdk-i386/jre/lib/i386/libverify.so
b7756000-b7757000 rw-p 0000e000 08:01 25038170   /usr/lib/jvm/java-7-openjdk-i386/jre/lib/i386/libverify.so
b7757000-b7764000 r-xp 00000000 08:01 25038178   /usr/lib/jvm/java-7-openjdk-i386/jre/lib/i386/jli/libjli.so
b7764000-b7765000 r--p 0000c000 08:01 25038178   /usr/lib/jvm/java-7-openjdk-i386/jre/lib/i386/jli/libjli.so
b7765000-b7766000 rw-p 0000d000 08:01 25038178   /usr/lib/jvm/java-7-openjdk-i386/jre/lib/i386/jli/libjli.so
b7766000-b7769000 rw-p 00000000 00:00 0 
b7769000-b776a000 r-xp 00000000 00:00 0          [vdso]
b776a000-b778a000 r-xp 00000000 08:01 12321582   /lib/i386-linux-gnu/ld-2.17.so
b778a000-b778b000 r--p 0001f000 08:01 12321582   /lib/i386-linux-gnu/ld-2.17.so
b778b000-b778c000 rw-p 00020000 08:01 12321582   /lib/i386-linux-gnu/ld-2.17.so
bfae7000-bfb08000 rw-p 00000000 00:00 0          [stack]

VM Arguments:
jvm_args: -Dfile.encoding=UTF-8 -Xbootclasspath:/home/dandrew2/Downloads/adt-bundle-linux-x86-20130917/sdk/platforms/android-18/android.jar 
java_command: org.eclipse.jdt.internal.junit.runner.RemoteTestRunner -version 3 -port 43955 -testLoaderClass org.eclipse.jdt.internal.junit.runner.junit3.JUnit3TestLoader -loaderpluginname org.eclipse.jdt.junit.runtime -classNames edu.ycp.cs481.arna.shared.model.OrientationTest
Launcher Type: SUN_STANDARD

Environment Variables:
PATH=/usr/local/sbin:/usr/local/bin:/usr/sbin:/usr/bin:/sbin:/bin:/usr/games:/usr/local/games
USERNAME=dandrew2
LD_LIBRARY_PATH=/usr/lib/jvm/java-7-openjdk-i386/jre/lib/i386/server:/usr/lib/jvm/java-7-openjdk-i386/jre/lib/i386:/usr/lib/jvm/java-7-openjdk-i386/jre/../lib/i386:/usr/lib/jvm/java-7-openjdk-i386/jre/lib/i386/client:/usr/lib/jvm/java-7-openjdk-i386/jre/lib/i386:
SHELL=/bin/bash
DISPLAY=:0.0

Signal Handlers:
SIGSEGV: [libjvm.so+0x7598c0], sa_mask[0]=0x7ffbfeff, sa_flags=0x10000004
SIGBUS: [libjvm.so+0x7598c0], sa_mask[0]=0x7ffbfeff, sa_flags=0x10000004
SIGFPE: [libjvm.so+0x5f54f0], sa_mask[0]=0x7ffbfeff, sa_flags=0x10000004
SIGPIPE: [libjvm.so+0x5f54f0], sa_mask[0]=0x7ffbfeff, sa_flags=0x10000004
SIGXFSZ: [libjvm.so+0x5f54f0], sa_mask[0]=0x7ffbfeff, sa_flags=0x10000004
SIGILL: [libjvm.so+0x5f54f0], sa_mask[0]=0x7ffbfeff, sa_flags=0x10000004
SIGUSR1: SIG_DFL, sa_mask[0]=0x00000000, sa_flags=0x00000000
SIGUSR2: [libjvm.so+0x5f53a0], sa_mask[0]=0x00000004, sa_flags=0x10000004
SIGHUP: SIG_DFL, sa_mask[0]=0x00000000, sa_flags=0x00000000
SIGINT: SIG_DFL, sa_mask[0]=0x00000000, sa_flags=0x00000000
SIGTERM: SIG_DFL, sa_mask[0]=0x00000000, sa_flags=0x00000000
SIGQUIT: SIG_DFL, sa_mask[0]=0x00000000, sa_flags=0x00000000


---------------  S Y S T E M  ---------------

OS:LinuxMint 15 (olivia)
uname:Linux 3.8.0-19-generic #29-Ubuntu SMP Wed Apr 17 18:19:42 UTC 2013 i686
libc:glibc 2.17 NPTL 2.17 
rlimit: STACK 8192k, CORE 0k, NPROC 31704, NOFILE 4096, AS infinity
load average:0.14 0.19 0.22

/proc/meminfo:
MemTotal:        4089416 kB
MemFree:         1187572 kB
Buffers:          192268 kB
Cached:          1678112 kB
SwapCached:         4024 kB
Active:          1202568 kB
Inactive:        1547160 kB
Active(anon):     390228 kB
Inactive(anon):   519008 kB
Active(file):     812340 kB
Inactive(file):  1028152 kB
Unevictable:           0 kB
Mlocked:               0 kB
HighTotal:       3238636 kB
HighFree:         830184 kB
LowTotal:         850780 kB
LowFree:          357388 kB
SwapTotal:       4150268 kB
SwapFree:        4143648 kB
Dirty:               264 kB
Writeback:             0 kB
AnonPages:        875908 kB
Mapped:           174220 kB
Shmem:             29884 kB
Slab:             110812 kB
SReclaimable:      90748 kB
SUnreclaim:        20064 kB
KernelStack:        3240 kB
PageTables:         8904 kB
NFS_Unstable:          0 kB
Bounce:                0 kB
WritebackTmp:          0 kB
CommitLimit:     6194976 kB
Committed_AS:    2678028 kB
VmallocTotal:     122880 kB
VmallocUsed:       63880 kB
VmallocChunk:      31516 kB
HardwareCorrupted:     0 kB
AnonHugePages:         0 kB
HugePages_Total:       0
HugePages_Free:        0
HugePages_Rsvd:        0
HugePages_Surp:        0
Hugepagesize:       2048 kB
DirectMap4k:        8184 kB
DirectMap2M:      905216 kB


CPU:total 4 (4 cores per cpu, 1 threads per core) family 6 model 42 stepping 7, cmov, cx8, fxsr, mmx, sse, sse2, sse3, ssse3, sse4.1, sse4.2, popcnt, avx, tsc, tscinvbit

/proc/cpuinfo:
processor	: 0
vendor_id	: GenuineIntel
cpu family	: 6
model		: 42
model name	: Intel(R) Core(TM) i5-2400 CPU @ 3.10GHz
stepping	: 7
microcode	: 0x25
cpu MHz		: 1600.000
cache size	: 6144 KB
physical id	: 0
siblings	: 4
core id		: 0
cpu cores	: 4
apicid		: 0
initial apicid	: 0
fdiv_bug	: no
hlt_bug		: no
f00f_bug	: no
coma_bug	: no
fpu		: yes
fpu_exception	: yes
cpuid level	: 13
wp		: yes
flags		: fpu vme de pse tsc msr pae mce cx8 apic sep mtrr pge mca cmov pat pse36 clflush dts acpi mmx fxsr sse sse2 ss ht tm pbe nx rdtscp lm constant_tsc arch_perfmon pebs bts xtopology nonstop_tsc aperfmperf eagerfpu pni pclmulqdq dtes64 monitor ds_cpl vmx smx est tm2 ssse3 cx16 xtpr pdcm pcid sse4_1 sse4_2 x2apic popcnt tsc_deadline_timer aes xsave avx lahf_lm ida arat epb xsaveopt pln pts dtherm tpr_shadow vnmi flexpriority ept vpid
bogomips	: 6186.50
clflush size	: 64
cache_alignment	: 64
address sizes	: 36 bits physical, 48 bits virtual
power management:

processor	: 1
vendor_id	: GenuineIntel
cpu family	: 6
model		: 42
model name	: Intel(R) Core(TM) i5-2400 CPU @ 3.10GHz
stepping	: 7
microcode	: 0x25
cpu MHz		: 3101.000
cache size	: 6144 KB
physical id	: 0
siblings	: 4
core id		: 1
cpu cores	: 4
apicid		: 2
initial apicid	: 2
fdiv_bug	: no
hlt_bug		: no
f00f_bug	: no
coma_bug	: no
fpu		: yes
fpu_exception	: yes
cpuid level	: 13
wp		: yes
flags		: fpu vme de pse tsc msr pae mce cx8 apic sep mtrr pge mca cmov pat pse36 clflush dts acpi mmx fxsr sse sse2 ss ht tm pbe nx rdtscp lm constant_tsc arch_perfmon pebs bts xtopology nonstop_tsc aperfmperf eagerfpu pni pclmulqdq dtes64 monitor ds_cpl vmx smx est tm2 ssse3 cx16 xtpr pdcm pcid sse4_1 sse4_2 x2apic popcnt tsc_deadline_timer aes xsave avx lahf_lm ida arat epb xsaveopt pln pts dtherm tpr_shadow vnmi flexpriority ept vpid
bogomips	: 6186.50
clflush size	: 64
cache_alignment	: 64
address sizes	: 36 bits physical, 48 bits virtual
power management:

processor	: 2
vendor_id	: GenuineIntel
cpu family	: 6
model		: 42
model name	: Intel(R) Core(TM) i5-2400 CPU @ 3.10GHz
stepping	: 7
microcode	: 0x25
cpu MHz		: 1600.000
cache size	: 6144 KB
physical id	: 0
siblings	: 4
core id		: 2
cpu cores	: 4
apicid		: 4
initial apicid	: 4
fdiv_bug	: no
hlt_bug		: no
f00f_bug	: no
coma_bug	: no
fpu		: yes
fpu_exception	: yes
cpuid level	: 13
wp		: yes
flags		: fpu vme de pse tsc msr pae mce cx8 apic sep mtrr pge mca cmov pat pse36 clflush dts acpi mmx fxsr sse sse2 ss ht tm pbe nx rdtscp lm constant_tsc arch_perfmon pebs bts xtopology nonstop_tsc aperfmperf eagerfpu pni pclmulqdq dtes64 monitor ds_cpl vmx smx est tm2 ssse3 cx16 xtpr pdcm pcid sse4_1 sse4_2 x2apic popcnt tsc_deadline_timer aes xsave avx lahf_lm ida arat epb xsaveopt pln pts dtherm tpr_shadow vnmi flexpriority ept vpid
bogomips	: 6186.50
clflush size	: 64
cache_alignment	: 64
address sizes	: 36 bits physical, 48 bits virtual
power management:

processor	: 3
vendor_id	: GenuineIntel
cpu family	: 6
model		: 42
model name	: Intel(R) Core(TM) i5-2400 CPU @ 3.10GHz
stepping	: 7
microcode	: 0x25
cpu MHz		: 1600.000
cache size	: 6144 KB
physical id	: 0
siblings	: 4
core id		: 3
cpu cores	: 4
apicid		: 6
initial apicid	: 6
fdiv_bug	: no
hlt_bug		: no
f00f_bug	: no
coma_bug	: no
fpu		: yes
fpu_exception	: yes
cpuid level	: 13
wp		: yes
flags		: fpu vme de pse tsc msr pae mce cx8 apic sep mtrr pge mca cmov pat pse36 clflush dts acpi mmx fxsr sse sse2 ss ht tm pbe nx rdtscp lm constant_tsc arch_perfmon pebs bts xtopology nonstop_tsc aperfmperf eagerfpu pni pclmulqdq dtes64 monitor ds_cpl vmx smx est tm2 ssse3 cx16 xtpr pdcm pcid sse4_1 sse4_2 x2apic popcnt tsc_deadline_timer aes xsave avx lahf_lm ida arat epb xsaveopt pln pts dtherm tpr_shadow vnmi flexpriority ept vpid
bogomips	: 6186.50
clflush size	: 64
cache_alignment	: 64
address sizes	: 36 bits physical, 48 bits virtual
power management:



Memory: 4k page, physical 4089416k(1187572k free), swap 4150268k(4143648k free)

vm_info: OpenJDK Server VM (23.7-b01) for linux-x86 JRE (1.7.0_21-b02), built on Apr 22 2013 07:41:32 by "buildd" with gcc 4.7.3

time: Mon Oct 21 11:19:31 2013
elapsed time: 0 seconds

