#
# A fatal error has been detected by the Java Runtime Environment:
#
#  Internal Error (javaClasses.cpp:129), pid=2972, tid=3059886912
#  fatal error: Invalid layout of preloaded class
#
# JRE version: 7.0_21-b02
# Java VM: OpenJDK Server VM (23.7-b01 mixed mode linux-x86 )
# Failed to write core dump. Core dumps have been disabled. To enable core dumping, try "ulimit -c unlimited" before starting Java again
#
# If you would like to submit a bug report, please include
# instructions on how to reproduce the bug and visit:
#   https://bugs.launchpad.net/ubuntu/+source/openjdk-7/
#

---------------  T H R E A D  ---------------

Current thread (0xb6406c00):  JavaThread "Unknown thread" [_thread_in_vm, id=2978, stack(0xb65d2000,0xb6623000)]

Stack: [0xb65d2000,0xb6623000]
[error occurred during error reporting (printing stack bounds), id 0xb]


[error occurred during error reporting (printing native stack), id 0xb]


---------------  P R O C E S S  ---------------

Java Threads: ( => current thread )

Other Threads:

=>0xb6406c00 (exited) JavaThread "Unknown thread" [_thread_in_vm, id=2978, stack(0xb65d2000,0xb6623000)]

VM state:not at safepoint (not fully initialized)

VM Mutex/Monitor currently owned by a thread: None

GC Heap History (0 events):
No events

Deoptimization events (0 events):
No events

Internal exceptions (0 events):
No events

Events (10 events):
Event: 0.006 loading class 0xb6434a50 done
Event: 0.006 loading class 0xb6434390 done
Event: 0.006 loading class 0xb6434368
Event: 0.006 loading class 0xb6454398
Event: 0.006 loading class 0xb6454398 done
Event: 0.006 loading class 0xb64543d0
Event: 0.006 loading class 0xb64543d0 done
Event: 0.006 loading class 0xb6454408
Event: 0.006 loading class 0xb6454408 done
Event: 0.006 loading class 0xb6434368 done


Dynamic libraries:
08048000-08049000 r-xp 00000000 08:01 25038075   /usr/lib/jvm/java-7-openjdk-i386/jre/bin/java
08049000-0804a000 r--p 00000000 08:01 25038075   /usr/lib/jvm/java-7-openjdk-i386/jre/bin/java
0804a000-0804b000 rw-p 00001000 08:01 25038075   /usr/lib/jvm/java-7-openjdk-i386/jre/bin/java
09965000-09986000 rw-p 00000000 00:00 0          [heap]
690f2000-691bc000 r--s 011ad000 08:01 28579107   /home/dandrew2/Downloads/adt-bundle-linux-x86-20130917/sdk/platforms/android-18/android.jar
691bc000-6c000000 rw-p 00000000 00:00 0 
6c000000-6c021000 rw-p 00000000 00:00 0 
6c021000-6c100000 ---p 00000000 00:00 0 
6c17f000-6c180000 ---p 00000000 00:00 0 
6c180000-6c200000 rw-p 00000000 00:00 0          [stack:2982]
6c200000-6c221000 rw-p 00000000 00:00 0 
6c221000-6c300000 ---p 00000000 00:00 0 
6c37f000-6c380000 ---p 00000000 00:00 0 
6c380000-6c400000 rw-p 00000000 00:00 0          [stack:2981]
6c400000-6c421000 rw-p 00000000 00:00 0 
6c421000-6c500000 ---p 00000000 00:00 0 
6c57f000-6c580000 ---p 00000000 00:00 0 
6c580000-6c600000 rw-p 00000000 00:00 0          [stack:2980]
6c600000-6c621000 rw-p 00000000 00:00 0 
6c621000-6c700000 ---p 00000000 00:00 0 
6c717000-6c73c000 rw-p 00000000 00:00 0 
6c73c000-6c73d000 ---p 00000000 00:00 0 
6c73d000-6c7d2000 rw-p 00000000 00:00 0          [stack:2979]
6c7d2000-6c90b000 rw-p 00000000 00:00 0 
6c90b000-6c913000 rw-p 00000000 00:00 0 
6c913000-6c94b000 rw-p 00000000 00:00 0 
6c94b000-6c960000 rw-p 00000000 00:00 0 
6c960000-6ca98000 rw-p 00000000 00:00 0 
6ca98000-6caa3000 rw-p 00000000 00:00 0 
6caa3000-6cb3f000 rw-p 00000000 00:00 0 
6cb3f000-6db40000 rw-p 00000000 00:00 0 
6db40000-74b40000 rw-p 00000000 00:00 0 
74b40000-774e0000 rw-p 00000000 00:00 0 
774e0000-9e5f0000 rw-p 00000000 00:00 0 
9e5f0000-9fac0000 rw-p 00000000 00:00 0 
9fac0000-b3340000 rw-p 00000000 00:00 0 
b3340000-b3349000 rw-p 00000000 00:00 0 
b3349000-b3400000 rw-p 00000000 00:00 0 
b3400000-b3640000 rwxp 00000000 00:00 0 
b3640000-b645f000 rw-p 00000000 00:00 0 
b645f000-b6500000 ---p 00000000 00:00 0 
b6510000-b6518000 rw-p 00000000 00:00 0 
b6518000-b6550000 rw-p 00000000 00:00 0 
b6550000-b655b000 r-xp 00000000 08:01 12321679   /lib/i386-linux-gnu/libnss_files-2.17.so
b655b000-b655c000 r--p 0000a000 08:01 12321679   /lib/i386-linux-gnu/libnss_files-2.17.so
b655c000-b655d000 rw-p 0000b000 08:01 12321679   /lib/i386-linux-gnu/libnss_files-2.17.so
b655d000-b6567000 r-xp 00000000 08:01 12321683   /lib/i386-linux-gnu/libnss_nis-2.17.so
b6567000-b6568000 r--p 00009000 08:01 12321683   /lib/i386-linux-gnu/libnss_nis-2.17.so
b6568000-b6569000 rw-p 0000a000 08:01 12321683   /lib/i386-linux-gnu/libnss_nis-2.17.so
b6569000-b657e000 r-xp 00000000 08:01 12321673   /lib/i386-linux-gnu/libnsl-2.17.so
b657e000-b657f000 r--p 00014000 08:01 12321673   /lib/i386-linux-gnu/libnsl-2.17.so
b657f000-b6580000 rw-p 00015000 08:01 12321673   /lib/i386-linux-gnu/libnsl-2.17.so
b6580000-b6582000 rw-p 00000000 00:00 0 
b6582000-b6589000 r-xp 00000000 08:01 12321675   /lib/i386-linux-gnu/libnss_compat-2.17.so
b6589000-b658a000 r--p 00006000 08:01 12321675   /lib/i386-linux-gnu/libnss_compat-2.17.so
b658a000-b658b000 rw-p 00007000 08:01 12321675   /lib/i386-linux-gnu/libnss_compat-2.17.so
b658e000-b6596000 r-xp 00000000 08:01 25038171   /usr/lib/jvm/java-7-openjdk-i386/jre/lib/i386/libzip.so
b6596000-b6597000 r--p 00007000 08:01 25038171   /usr/lib/jvm/java-7-openjdk-i386/jre/lib/i386/libzip.so
b6597000-b6598000 rw-p 00008000 08:01 25038171   /usr/lib/jvm/java-7-openjdk-i386/jre/lib/i386/libzip.so
b6598000-b65a0000 rw-s 00000000 08:01 25956730   /tmp/hsperfdata_dandrew2/2972
b65a0000-b65c7000 r-xp 00000000 08:01 25038149   /usr/lib/jvm/java-7-openjdk-i386/jre/lib/i386/libjava.so
b65c7000-b65c8000 r--p 00026000 08:01 25038149   /usr/lib/jvm/java-7-openjdk-i386/jre/lib/i386/libjava.so
b65c8000-b65c9000 rw-p 00027000 08:01 25038149   /usr/lib/jvm/java-7-openjdk-i386/jre/lib/i386/libjava.so
b65c9000-b65d0000 r-xp 00000000 08:01 12321726   /lib/i386-linux-gnu/librt-2.17.so
b65d0000-b65d1000 r--p 00006000 08:01 12321726   /lib/i386-linux-gnu/librt-2.17.so
b65d1000-b65d2000 rw-p 00007000 08:01 12321726   /lib/i386-linux-gnu/librt-2.17.so
b65d2000-b65d5000 ---p 00000000 00:00 0 
b65d5000-b6623000 rw-p 00000000 00:00 0          [stack:2978]
b6623000-b663e000 r-xp 00000000 08:01 12321631   /lib/i386-linux-gnu/libgcc_s.so.1
b663e000-b663f000 r--p 0001a000 08:01 12321631   /lib/i386-linux-gnu/libgcc_s.so.1
b663f000-b6640000 rw-p 0001b000 08:01 12321631   /lib/i386-linux-gnu/libgcc_s.so.1
b6640000-b6681000 r-xp 00000000 08:01 12321654   /lib/i386-linux-gnu/libm-2.17.so
b6681000-b6682000 r--p 00040000 08:01 12321654   /lib/i386-linux-gnu/libm-2.17.so
b6682000-b6683000 rw-p 00041000 08:01 12321654   /lib/i386-linux-gnu/libm-2.17.so
b6683000-b675f000 r-xp 00000000 08:01 24910624   /usr/lib/i386-linux-gnu/libstdc++.so.6.0.17
b675f000-b6760000 ---p 000dc000 08:01 24910624   /usr/lib/i386-linux-gnu/libstdc++.so.6.0.17
b6760000-b6764000 r--p 000dc000 08:01 24910624   /usr/lib/i386-linux-gnu/libstdc++.so.6.0.17
b6764000-b6765000 rw-p 000e0000 08:01 24910624   /usr/lib/i386-linux-gnu/libstdc++.so.6.0.17
b6765000-b676c000 rw-p 00000000 00:00 0 
b676c000-b7061000 r-xp 00000000 08:01 25038182   /usr/lib/jvm/java-7-openjdk-i386/jre/lib/i386/server/libjvm.so
b7061000-b70a8000 r--p 008f4000 08:01 25038182   /usr/lib/jvm/java-7-openjdk-i386/jre/lib/i386/server/libjvm.so
b70a8000-b70bc000 rw-p 0093b000 08:01 25038182   /usr/lib/jvm/java-7-openjdk-i386/jre/lib/i386/server/libjvm.so
b70bc000-b74da000 rw-p 00000000 00:00 0 
b74da000-b74f1000 r-xp 00000000 08:01 12321759   /lib/i386-linux-gnu/libz.so.1.2.7
b74f1000-b74f2000 r--p 00016000 08:01 12321759   /lib/i386-linux-gnu/libz.so.1.2.7
b74f2000-b74f3000 rw-p 00017000 08:01 12321759   /lib/i386-linux-gnu/libz.so.1.2.7
b74f3000-b750a000 r-xp 00000000 08:01 12321718   /lib/i386-linux-gnu/libpthread-2.17.so
b750a000-b750b000 r--p 00016000 08:01 12321718   /lib/i386-linux-gnu/libpthread-2.17.so
b750b000-b750c000 rw-p 00017000 08:01 12321718   /lib/i386-linux-gnu/libpthread-2.17.so
b750c000-b750e000 rw-p 00000000 00:00 0 
b750e000-b7511000 r-xp 00000000 08:01 12321621   /lib/i386-linux-gnu/libdl-2.17.so
b7511000-b7512000 r--p 00002000 08:01 12321621   /lib/i386-linux-gnu/libdl-2.17.so
b7512000-b7513000 rw-p 00003000 08:01 12321621   /lib/i386-linux-gnu/libdl-2.17.so
b7513000-b76c0000 r-xp 00000000 08:01 12321606   /lib/i386-linux-gnu/libc-2.17.so
b76c0000-b76c2000 r--p 001ad000 08:01 12321606   /lib/i386-linux-gnu/libc-2.17.so
b76c2000-b76c3000 rw-p 001af000 08:01 12321606   /lib/i386-linux-gnu/libc-2.17.so
b76c3000-b76c6000 rw-p 00000000 00:00 0 
b76ca000-b76cb000 rw-p 00000000 00:00 0 
b76cb000-b76cc000 r--p 00000000 00:00 0 
b76cc000-b76d9000 r-xp 00000000 08:01 25038170   /usr/lib/jvm/java-7-openjdk-i386/jre/lib/i386/libverify.so
b76d9000-b76da000 r--p 0000d000 08:01 25038170   /usr/lib/jvm/java-7-openjdk-i386/jre/lib/i386/libverify.so
b76da000-b76db000 rw-p 0000e000 08:01 25038170   /usr/lib/jvm/java-7-openjdk-i386/jre/lib/i386/libverify.so
b76db000-b76e8000 r-xp 00000000 08:01 25038178   /usr/lib/jvm/java-7-openjdk-i386/jre/lib/i386/jli/libjli.so
b76e8000-b76e9000 r--p 0000c000 08:01 25038178   /usr/lib/jvm/java-7-openjdk-i386/jre/lib/i386/jli/libjli.so
b76e9000-b76ea000 rw-p 0000d000 08:01 25038178   /usr/lib/jvm/java-7-openjdk-i386/jre/lib/i386/jli/libjli.so
b76ea000-b76ed000 rw-p 00000000 00:00 0 
b76ed000-b76ee000 r-xp 00000000 00:00 0          [vdso]
b76ee000-b770e000 r-xp 00000000 08:01 12321582   /lib/i386-linux-gnu/ld-2.17.so
b770e000-b770f000 r--p 0001f000 08:01 12321582   /lib/i386-linux-gnu/ld-2.17.so
b770f000-b7710000 rw-p 00020000 08:01 12321582   /lib/i386-linux-gnu/ld-2.17.so
bf928000-bf949000 rw-p 00000000 00:00 0          [stack]

VM Arguments:
jvm_args: -Dfile.encoding=UTF-8 -Xbootclasspath:/home/dandrew2/Downloads/adt-bundle-linux-x86-20130917/sdk/platforms/android-18/android.jar 
java_command: org.eclipse.jdt.internal.junit.runner.RemoteTestRunner -version 3 -port 56055 -testLoaderClass org.eclipse.jdt.internal.junit.runner.junit3.JUnit3TestLoader -loaderpluginname org.eclipse.jdt.junit.runtime -classNames edu.ycp.cs481.arna.shared.model.OrientationTest
Launcher Type: SUN_STANDARD

Environment Variables:
PATH=/usr/local/sbin:/usr/local/bin:/usr/sbin:/usr/bin:/sbin:/bin:/usr/games:/usr/local/games
USERNAME=dandrew2
LD_LIBRARY_PATH=/usr/lib/jvm/java-7-openjdk-i386/jre/lib/i386/server:/usr/lib/jvm/java-7-openjdk-i386/jre/lib/i386:/usr/lib/jvm/java-7-openjdk-i386/jre/../lib/i386:/usr/lib/jvm/java-7-openjdk-i386/jre/lib/i386/client:/usr/lib/jvm/java-7-openjdk-i386/jre/lib/i386:
SHELL=/bin/bash
DISPLAY=:0.0

Signal Handlers:
SIGSEGV: [libjvm.so+0x7598c0], sa_mask[0]=0x7ffbfeff, sa_flags=0x10000004
SIGBUS: [libjvm.so+0x7598c0], sa_mask[0]=0x7ffbfeff, sa_flags=0x10000004
SIGFPE: [libjvm.so+0x5f54f0], sa_mask[0]=0x7ffbfeff, sa_flags=0x10000004
SIGPIPE: [libjvm.so+0x5f54f0], sa_mask[0]=0x7ffbfeff, sa_flags=0x10000004
SIGXFSZ: [libjvm.so+0x5f54f0], sa_mask[0]=0x7ffbfeff, sa_flags=0x10000004
SIGILL: [libjvm.so+0x5f54f0], sa_mask[0]=0x7ffbfeff, sa_flags=0x10000004
SIGUSR1: SIG_DFL, sa_mask[0]=0x00000000, sa_flags=0x00000000
SIGUSR2: [libjvm.so+0x5f53a0], sa_mask[0]=0x00000004, sa_flags=0x10000004
SIGHUP: SIG_DFL, sa_mask[0]=0x00000000, sa_flags=0x00000000
SIGINT: SIG_DFL, sa_mask[0]=0x00000000, sa_flags=0x00000000
SIGTERM: SIG_DFL, sa_mask[0]=0x00000000, sa_flags=0x00000000
SIGQUIT: SIG_DFL, sa_mask[0]=0x00000000, sa_flags=0x00000000


---------------  S Y S T E M  ---------------

OS:LinuxMint 15 (olivia)
uname:Linux 3.8.0-19-generic #29-Ubuntu SMP Wed Apr 17 18:19:42 UTC 2013 i686
libc:glibc 2.17 NPTL 2.17 
rlimit: STACK 8192k, CORE 0k, NPROC 31704, NOFILE 4096, AS infinity
load average:0.17 0.20 0.22

/proc/meminfo:
MemTotal:        4089416 kB
MemFree:         1187524 kB
Buffers:          192264 kB
Cached:          1678088 kB
SwapCached:         4024 kB
Active:          1202392 kB
Inactive:        1547160 kB
Active(anon):     390076 kB
Inactive(anon):   519008 kB
Active(file):     812316 kB
Inactive(file):  1028152 kB
Unevictable:           0 kB
Mlocked:               0 kB
HighTotal:       3238636 kB
HighFree:         830060 kB
LowTotal:         850780 kB
LowFree:          357464 kB
SwapTotal:       4150268 kB
SwapFree:        4143648 kB
Dirty:               148 kB
Writeback:             0 kB
AnonPages:        876116 kB
Mapped:           174220 kB
Shmem:             29884 kB
Slab:             110812 kB
SReclaimable:      90748 kB
SUnreclaim:        20064 kB
KernelStack:        3288 kB
PageTables:         8904 kB
NFS_Unstable:          0 kB
Bounce:                0 kB
WritebackTmp:          0 kB
CommitLimit:     6194976 kB
Committed_AS:    2678036 kB
VmallocTotal:     122880 kB
VmallocUsed:       63880 kB
VmallocChunk:      31516 kB
HardwareCorrupted:     0 kB
AnonHugePages:         0 kB
HugePages_Total:       0
HugePages_Free:        0
HugePages_Rsvd:        0
HugePages_Surp:        0
Hugepagesize:       2048 kB
DirectMap4k:        8184 kB
DirectMap2M:      905216 kB


CPU:total 4 (4 cores per cpu, 1 threads per core) family 6 model 42 stepping 7, cmov, cx8, fxsr, mmx, sse, sse2, sse3, ssse3, sse4.1, sse4.2, popcnt, avx, tsc, tscinvbit

/proc/cpuinfo:
processor	: 0
vendor_id	: GenuineIntel
cpu family	: 6
model		: 42
model name	: Intel(R) Core(TM) i5-2400 CPU @ 3.10GHz
stepping	: 7
microcode	: 0x25
cpu MHz		: 1600.000
cache size	: 6144 KB
physical id	: 0
siblings	: 4
core id		: 0
cpu cores	: 4
apicid		: 0
initial apicid	: 0
fdiv_bug	: no
hlt_bug		: no
f00f_bug	: no
coma_bug	: no
fpu		: yes
fpu_exception	: yes
cpuid level	: 13
wp		: yes
flags		: fpu vme de pse tsc msr pae mce cx8 apic sep mtrr pge mca cmov pat pse36 clflush dts acpi mmx fxsr sse sse2 ss ht tm pbe nx rdtscp lm constant_tsc arch_perfmon pebs bts xtopology nonstop_tsc aperfmperf eagerfpu pni pclmulqdq dtes64 monitor ds_cpl vmx smx est tm2 ssse3 cx16 xtpr pdcm pcid sse4_1 sse4_2 x2apic popcnt tsc_deadline_timer aes xsave avx lahf_lm ida arat epb xsaveopt pln pts dtherm tpr_shadow vnmi flexpriority ept vpid
bogomips	: 6186.50
clflush size	: 64
cache_alignment	: 64
address sizes	: 36 bits physical, 48 bits virtual
power management:

processor	: 1
vendor_id	: GenuineIntel
cpu family	: 6
model		: 42
model name	: Intel(R) Core(TM) i5-2400 CPU @ 3.10GHz
stepping	: 7
microcode	: 0x25
cpu MHz		: 1600.000
cache size	: 6144 KB
physical id	: 0
siblings	: 4
core id		: 1
cpu cores	: 4
apicid		: 2
initial apicid	: 2
fdiv_bug	: no
hlt_bug		: no
f00f_bug	: no
coma_bug	: no
fpu		: yes
fpu_exception	: yes
cpuid level	: 13
wp		: yes
flags		: fpu vme de pse tsc msr pae mce cx8 apic sep mtrr pge mca cmov pat pse36 clflush dts acpi mmx fxsr sse sse2 ss ht tm pbe nx rdtscp lm constant_tsc arch_perfmon pebs bts xtopology nonstop_tsc aperfmperf eagerfpu pni pclmulqdq dtes64 monitor ds_cpl vmx smx est tm2 ssse3 cx16 xtpr pdcm pcid sse4_1 sse4_2 x2apic popcnt tsc_deadline_timer aes xsave avx lahf_lm ida arat epb xsaveopt pln pts dtherm tpr_shadow vnmi flexpriority ept vpid
bogomips	: 6186.50
clflush size	: 64
cache_alignment	: 64
address sizes	: 36 bits physical, 48 bits virtual
power management:

processor	: 2
vendor_id	: GenuineIntel
cpu family	: 6
model		: 42
model name	: Intel(R) Core(TM) i5-2400 CPU @ 3.10GHz
stepping	: 7
microcode	: 0x25
cpu MHz		: 1600.000
cache size	: 6144 KB
physical id	: 0
siblings	: 4
core id		: 2
cpu cores	: 4
apicid		: 4
initial apicid	: 4
fdiv_bug	: no
hlt_bug		: no
f00f_bug	: no
coma_bug	: no
fpu		: yes
fpu_exception	: yes
cpuid level	: 13
wp		: yes
flags		: fpu vme de pse tsc msr pae mce cx8 apic sep mtrr pge mca cmov pat pse36 clflush dts acpi mmx fxsr sse sse2 ss ht tm pbe nx rdtscp lm constant_tsc arch_perfmon pebs bts xtopology nonstop_tsc aperfmperf eagerfpu pni pclmulqdq dtes64 monitor ds_cpl vmx smx est tm2 ssse3 cx16 xtpr pdcm pcid sse4_1 sse4_2 x2apic popcnt tsc_deadline_timer aes xsave avx lahf_lm ida arat epb xsaveopt pln pts dtherm tpr_shadow vnmi flexpriority ept vpid
bogomips	: 6186.50
clflush size	: 64
cache_alignment	: 64
address sizes	: 36 bits physical, 48 bits virtual
power management:

processor	: 3
vendor_id	: GenuineIntel
cpu family	: 6
model		: 42
model name	: Intel(R) Core(TM) i5-2400 CPU @ 3.10GHz
stepping	: 7
microcode	: 0x25
cpu MHz		: 3101.000
cache size	: 6144 KB
physical id	: 0
siblings	: 4
core id		: 3
cpu cores	: 4
apicid		: 6
initial apicid	: 6
fdiv_bug	: no
hlt_bug		: no
f00f_bug	: no
coma_bug	: no
fpu		: yes
fpu_exception	: yes
cpuid level	: 13
wp		: yes
flags		: fpu vme de pse tsc msr pae mce cx8 apic sep mtrr pge mca cmov pat pse36 clflush dts acpi mmx fxsr sse sse2 ss ht tm pbe nx rdtscp lm constant_tsc arch_perfmon pebs bts xtopology nonstop_tsc aperfmperf eagerfpu pni pclmulqdq dtes64 monitor ds_cpl vmx smx est tm2 ssse3 cx16 xtpr pdcm pcid sse4_1 sse4_2 x2apic popcnt tsc_deadline_timer aes xsave avx lahf_lm ida arat epb xsaveopt pln pts dtherm tpr_shadow vnmi flexpriority ept vpid
bogomips	: 6186.50
clflush size	: 64
cache_alignment	: 64
address sizes	: 36 bits physical, 48 bits virtual
power management:



Memory: 4k page, physical 4089416k(1187524k free), swap 4150268k(4143648k free)

vm_info: OpenJDK Server VM (23.7-b01) for linux-x86 JRE (1.7.0_21-b02), built on Apr 22 2013 07:41:32 by "buildd" with gcc 4.7.3

time: Mon Oct 21 11:19:20 2013
elapsed time: 0 seconds

