#
# A fatal error has been detected by the Java Runtime Environment:
#
#  Internal Error (javaClasses.cpp:129), pid=2947, tid=3059862336
#  fatal error: Invalid layout of preloaded class
#
# JRE version: 7.0_21-b02
# Java VM: OpenJDK Server VM (23.7-b01 mixed mode linux-x86 )
# Failed to write core dump. Core dumps have been disabled. To enable core dumping, try "ulimit -c unlimited" before starting Java again
#
# If you would like to submit a bug report, please include
# instructions on how to reproduce the bug and visit:
#   https://bugs.launchpad.net/ubuntu/+source/openjdk-7/
#

---------------  T H R E A D  ---------------

Current thread (0xb6406c00):  JavaThread "Unknown thread" [_thread_in_vm, id=2953, stack(0xb65cc000,0xb661d000)]

Stack: [0xb65cc000,0xb661d000]
[error occurred during error reporting (printing stack bounds), id 0xb]


[error occurred during error reporting (printing native stack), id 0xb]


---------------  P R O C E S S  ---------------

Java Threads: ( => current thread )

Other Threads:

=>0xb6406c00 (exited) JavaThread "Unknown thread" [_thread_in_vm, id=2953, stack(0xb65cc000,0xb661d000)]

VM state:not at safepoint (not fully initialized)

VM Mutex/Monitor currently owned by a thread: None

GC Heap History (0 events):
No events

Deoptimization events (0 events):
No events

Internal exceptions (0 events):
No events

Events (10 events):
Event: 0.007 loading class 0xb6434a50 done
Event: 0.008 loading class 0xb6434390 done
Event: 0.008 loading class 0xb6434368
Event: 0.008 loading class 0xb6454398
Event: 0.008 loading class 0xb6454398 done
Event: 0.008 loading class 0xb64543d0
Event: 0.008 loading class 0xb64543d0 done
Event: 0.008 loading class 0xb6454408
Event: 0.008 loading class 0xb6454408 done
Event: 0.008 loading class 0xb6434368 done


Dynamic libraries:
08048000-08049000 r-xp 00000000 08:01 25038075   /usr/lib/jvm/java-7-openjdk-i386/jre/bin/java
08049000-0804a000 r--p 00000000 08:01 25038075   /usr/lib/jvm/java-7-openjdk-i386/jre/bin/java
0804a000-0804b000 rw-p 00001000 08:01 25038075   /usr/lib/jvm/java-7-openjdk-i386/jre/bin/java
095a3000-095c4000 rw-p 00000000 00:00 0          [heap]
690f2000-691bc000 r--s 011ad000 08:01 28579107   /home/dandrew2/Downloads/adt-bundle-linux-x86-20130917/sdk/platforms/android-18/android.jar
691bc000-6c000000 rw-p 00000000 00:00 0 
6c000000-6c021000 rw-p 00000000 00:00 0 
6c021000-6c100000 ---p 00000000 00:00 0 
6c17f000-6c180000 ---p 00000000 00:00 0 
6c180000-6c200000 rw-p 00000000 00:00 0          [stack:2957]
6c200000-6c221000 rw-p 00000000 00:00 0 
6c221000-6c300000 ---p 00000000 00:00 0 
6c37f000-6c380000 ---p 00000000 00:00 0 
6c380000-6c400000 rw-p 00000000 00:00 0          [stack:2956]
6c400000-6c421000 rw-p 00000000 00:00 0 
6c421000-6c500000 ---p 00000000 00:00 0 
6c57f000-6c580000 ---p 00000000 00:00 0 
6c580000-6c600000 rw-p 00000000 00:00 0          [stack:2955]
6c600000-6c621000 rw-p 00000000 00:00 0 
6c621000-6c700000 ---p 00000000 00:00 0 
6c717000-6c73c000 rw-p 00000000 00:00 0 
6c73c000-6c73d000 ---p 00000000 00:00 0 
6c73d000-6c7d2000 rw-p 00000000 00:00 0          [stack:2954]
6c7d2000-6c90b000 rw-p 00000000 00:00 0 
6c90b000-6c913000 rw-p 00000000 00:00 0 
6c913000-6c94b000 rw-p 00000000 00:00 0 
6c94b000-6c960000 rw-p 00000000 00:00 0 
6c960000-6ca98000 rw-p 00000000 00:00 0 
6ca98000-6caa3000 rw-p 00000000 00:00 0 
6caa3000-6cb3f000 rw-p 00000000 00:00 0 
6cb3f000-6db40000 rw-p 00000000 00:00 0 
6db40000-74b40000 rw-p 00000000 00:00 0 
74b40000-774e0000 rw-p 00000000 00:00 0 
774e0000-9e5f0000 rw-p 00000000 00:00 0 
9e5f0000-9fac0000 rw-p 00000000 00:00 0 
9fac0000-b3340000 rw-p 00000000 00:00 0 
b3340000-b3349000 rw-p 00000000 00:00 0 
b3349000-b3400000 rw-p 00000000 00:00 0 
b3400000-b3640000 rwxp 00000000 00:00 0 
b3640000-b645f000 rw-p 00000000 00:00 0 
b645f000-b6500000 ---p 00000000 00:00 0 
b650a000-b6512000 rw-p 00000000 00:00 0 
b6512000-b654a000 rw-p 00000000 00:00 0 
b654a000-b6555000 r-xp 00000000 08:01 12321679   /lib/i386-linux-gnu/libnss_files-2.17.so
b6555000-b6556000 r--p 0000a000 08:01 12321679   /lib/i386-linux-gnu/libnss_files-2.17.so
b6556000-b6557000 rw-p 0000b000 08:01 12321679   /lib/i386-linux-gnu/libnss_files-2.17.so
b6557000-b6561000 r-xp 00000000 08:01 12321683   /lib/i386-linux-gnu/libnss_nis-2.17.so
b6561000-b6562000 r--p 00009000 08:01 12321683   /lib/i386-linux-gnu/libnss_nis-2.17.so
b6562000-b6563000 rw-p 0000a000 08:01 12321683   /lib/i386-linux-gnu/libnss_nis-2.17.so
b6563000-b6578000 r-xp 00000000 08:01 12321673   /lib/i386-linux-gnu/libnsl-2.17.so
b6578000-b6579000 r--p 00014000 08:01 12321673   /lib/i386-linux-gnu/libnsl-2.17.so
b6579000-b657a000 rw-p 00015000 08:01 12321673   /lib/i386-linux-gnu/libnsl-2.17.so
b657a000-b657c000 rw-p 00000000 00:00 0 
b657c000-b6583000 r-xp 00000000 08:01 12321675   /lib/i386-linux-gnu/libnss_compat-2.17.so
b6583000-b6584000 r--p 00006000 08:01 12321675   /lib/i386-linux-gnu/libnss_compat-2.17.so
b6584000-b6585000 rw-p 00007000 08:01 12321675   /lib/i386-linux-gnu/libnss_compat-2.17.so
b6588000-b6590000 r-xp 00000000 08:01 25038171   /usr/lib/jvm/java-7-openjdk-i386/jre/lib/i386/libzip.so
b6590000-b6591000 r--p 00007000 08:01 25038171   /usr/lib/jvm/java-7-openjdk-i386/jre/lib/i386/libzip.so
b6591000-b6592000 rw-p 00008000 08:01 25038171   /usr/lib/jvm/java-7-openjdk-i386/jre/lib/i386/libzip.so
b6592000-b659a000 rw-s 00000000 08:01 25956730   /tmp/hsperfdata_dandrew2/2947
b659a000-b65c1000 r-xp 00000000 08:01 25038149   /usr/lib/jvm/java-7-openjdk-i386/jre/lib/i386/libjava.so
b65c1000-b65c2000 r--p 00026000 08:01 25038149   /usr/lib/jvm/java-7-openjdk-i386/jre/lib/i386/libjava.so
b65c2000-b65c3000 rw-p 00027000 08:01 25038149   /usr/lib/jvm/java-7-openjdk-i386/jre/lib/i386/libjava.so
b65c3000-b65ca000 r-xp 00000000 08:01 12321726   /lib/i386-linux-gnu/librt-2.17.so
b65ca000-b65cb000 r--p 00006000 08:01 12321726   /lib/i386-linux-gnu/librt-2.17.so
b65cb000-b65cc000 rw-p 00007000 08:01 12321726   /lib/i386-linux-gnu/librt-2.17.so
b65cc000-b65cf000 ---p 00000000 00:00 0 
b65cf000-b661d000 rw-p 00000000 00:00 0          [stack:2953]
b661d000-b6638000 r-xp 00000000 08:01 12321631   /lib/i386-linux-gnu/libgcc_s.so.1
b6638000-b6639000 r--p 0001a000 08:01 12321631   /lib/i386-linux-gnu/libgcc_s.so.1
b6639000-b663a000 rw-p 0001b000 08:01 12321631   /lib/i386-linux-gnu/libgcc_s.so.1
b663a000-b667b000 r-xp 00000000 08:01 12321654   /lib/i386-linux-gnu/libm-2.17.so
b667b000-b667c000 r--p 00040000 08:01 12321654   /lib/i386-linux-gnu/libm-2.17.so
b667c000-b667d000 rw-p 00041000 08:01 12321654   /lib/i386-linux-gnu/libm-2.17.so
b667d000-b6759000 r-xp 00000000 08:01 24910624   /usr/lib/i386-linux-gnu/libstdc++.so.6.0.17
b6759000-b675a000 ---p 000dc000 08:01 24910624   /usr/lib/i386-linux-gnu/libstdc++.so.6.0.17
b675a000-b675e000 r--p 000dc000 08:01 24910624   /usr/lib/i386-linux-gnu/libstdc++.so.6.0.17
b675e000-b675f000 rw-p 000e0000 08:01 24910624   /usr/lib/i386-linux-gnu/libstdc++.so.6.0.17
b675f000-b6766000 rw-p 00000000 00:00 0 
b6766000-b705b000 r-xp 00000000 08:01 25038182   /usr/lib/jvm/java-7-openjdk-i386/jre/lib/i386/server/libjvm.so
b705b000-b70a2000 r--p 008f4000 08:01 25038182   /usr/lib/jvm/java-7-openjdk-i386/jre/lib/i386/server/libjvm.so
b70a2000-b70b6000 rw-p 0093b000 08:01 25038182   /usr/lib/jvm/java-7-openjdk-i386/jre/lib/i386/server/libjvm.so
b70b6000-b74d4000 rw-p 00000000 00:00 0 
b74d4000-b74eb000 r-xp 00000000 08:01 12321759   /lib/i386-linux-gnu/libz.so.1.2.7
b74eb000-b74ec000 r--p 00016000 08:01 12321759   /lib/i386-linux-gnu/libz.so.1.2.7
b74ec000-b74ed000 rw-p 00017000 08:01 12321759   /lib/i386-linux-gnu/libz.so.1.2.7
b74ed000-b7504000 r-xp 00000000 08:01 12321718   /lib/i386-linux-gnu/libpthread-2.17.so
b7504000-b7505000 r--p 00016000 08:01 12321718   /lib/i386-linux-gnu/libpthread-2.17.so
b7505000-b7506000 rw-p 00017000 08:01 12321718   /lib/i386-linux-gnu/libpthread-2.17.so
b7506000-b7508000 rw-p 00000000 00:00 0 
b7508000-b750b000 r-xp 00000000 08:01 12321621   /lib/i386-linux-gnu/libdl-2.17.so
b750b000-b750c000 r--p 00002000 08:01 12321621   /lib/i386-linux-gnu/libdl-2.17.so
b750c000-b750d000 rw-p 00003000 08:01 12321621   /lib/i386-linux-gnu/libdl-2.17.so
b750d000-b76ba000 r-xp 00000000 08:01 12321606   /lib/i386-linux-gnu/libc-2.17.so
b76ba000-b76bc000 r--p 001ad000 08:01 12321606   /lib/i386-linux-gnu/libc-2.17.so
b76bc000-b76bd000 rw-p 001af000 08:01 12321606   /lib/i386-linux-gnu/libc-2.17.so
b76bd000-b76c0000 rw-p 00000000 00:00 0 
b76c4000-b76c5000 rw-p 00000000 00:00 0 
b76c5000-b76c6000 r--p 00000000 00:00 0 
b76c6000-b76d3000 r-xp 00000000 08:01 25038170   /usr/lib/jvm/java-7-openjdk-i386/jre/lib/i386/libverify.so
b76d3000-b76d4000 r--p 0000d000 08:01 25038170   /usr/lib/jvm/java-7-openjdk-i386/jre/lib/i386/libverify.so
b76d4000-b76d5000 rw-p 0000e000 08:01 25038170   /usr/lib/jvm/java-7-openjdk-i386/jre/lib/i386/libverify.so
b76d5000-b76e2000 r-xp 00000000 08:01 25038178   /usr/lib/jvm/java-7-openjdk-i386/jre/lib/i386/jli/libjli.so
b76e2000-b76e3000 r--p 0000c000 08:01 25038178   /usr/lib/jvm/java-7-openjdk-i386/jre/lib/i386/jli/libjli.so
b76e3000-b76e4000 rw-p 0000d000 08:01 25038178   /usr/lib/jvm/java-7-openjdk-i386/jre/lib/i386/jli/libjli.so
b76e4000-b76e7000 rw-p 00000000 00:00 0 
b76e7000-b76e8000 r-xp 00000000 00:00 0          [vdso]
b76e8000-b7708000 r-xp 00000000 08:01 12321582   /lib/i386-linux-gnu/ld-2.17.so
b7708000-b7709000 r--p 0001f000 08:01 12321582   /lib/i386-linux-gnu/ld-2.17.so
b7709000-b770a000 rw-p 00020000 08:01 12321582   /lib/i386-linux-gnu/ld-2.17.so
bfc68000-bfc89000 rw-p 00000000 00:00 0          [stack]

VM Arguments:
jvm_args: -Dfile.encoding=UTF-8 -Xbootclasspath:/home/dandrew2/Downloads/adt-bundle-linux-x86-20130917/sdk/platforms/android-18/android.jar 
java_command: org.eclipse.jdt.internal.junit.runner.RemoteTestRunner -version 3 -port 40512 -testLoaderClass org.eclipse.jdt.internal.junit.runner.junit3.JUnit3TestLoader -loaderpluginname org.eclipse.jdt.junit.runtime -classNames edu.ycp.cs481.arna.shared.model.OrientationTest
Launcher Type: SUN_STANDARD

Environment Variables:
PATH=/usr/local/sbin:/usr/local/bin:/usr/sbin:/usr/bin:/sbin:/bin:/usr/games:/usr/local/games
USERNAME=dandrew2
LD_LIBRARY_PATH=/usr/lib/jvm/java-7-openjdk-i386/jre/lib/i386/server:/usr/lib/jvm/java-7-openjdk-i386/jre/lib/i386:/usr/lib/jvm/java-7-openjdk-i386/jre/../lib/i386:/usr/lib/jvm/java-7-openjdk-i386/jre/lib/i386/client:/usr/lib/jvm/java-7-openjdk-i386/jre/lib/i386:
SHELL=/bin/bash
DISPLAY=:0.0

Signal Handlers:
SIGSEGV: [libjvm.so+0x7598c0], sa_mask[0]=0x7ffbfeff, sa_flags=0x10000004
SIGBUS: [libjvm.so+0x7598c0], sa_mask[0]=0x7ffbfeff, sa_flags=0x10000004
SIGFPE: [libjvm.so+0x5f54f0], sa_mask[0]=0x7ffbfeff, sa_flags=0x10000004
SIGPIPE: [libjvm.so+0x5f54f0], sa_mask[0]=0x7ffbfeff, sa_flags=0x10000004
SIGXFSZ: [libjvm.so+0x5f54f0], sa_mask[0]=0x7ffbfeff, sa_flags=0x10000004
SIGILL: [libjvm.so+0x5f54f0], sa_mask[0]=0x7ffbfeff, sa_flags=0x10000004
SIGUSR1: SIG_DFL, sa_mask[0]=0x00000000, sa_flags=0x00000000
SIGUSR2: [libjvm.so+0x5f53a0], sa_mask[0]=0x00000004, sa_flags=0x10000004
SIGHUP: SIG_DFL, sa_mask[0]=0x00000000, sa_flags=0x00000000
SIGINT: SIG_DFL, sa_mask[0]=0x00000000, sa_flags=0x00000000
SIGTERM: SIG_DFL, sa_mask[0]=0x00000000, sa_flags=0x00000000
SIGQUIT: SIG_DFL, sa_mask[0]=0x00000000, sa_flags=0x00000000


---------------  S Y S T E M  ---------------

OS:LinuxMint 15 (olivia)
uname:Linux 3.8.0-19-generic #29-Ubuntu SMP Wed Apr 17 18:19:42 UTC 2013 i686
libc:glibc 2.17 NPTL 2.17 
rlimit: STACK 8192k, CORE 0k, NPROC 31704, NOFILE 4096, AS infinity
load average:0.20 0.20 0.22

/proc/meminfo:
MemTotal:        4089416 kB
MemFree:         1187708 kB
Buffers:          192264 kB
Cached:          1678044 kB
SwapCached:         4024 kB
Active:          1202324 kB
Inactive:        1547160 kB
Active(anon):     390052 kB
Inactive(anon):   519008 kB
Active(file):     812272 kB
Inactive(file):  1028152 kB
Unevictable:           0 kB
Mlocked:               0 kB
HighTotal:       3238636 kB
HighFree:         830332 kB
LowTotal:         850780 kB
LowFree:          357376 kB
SwapTotal:       4150268 kB
SwapFree:        4143648 kB
Dirty:               136 kB
Writeback:             0 kB
AnonPages:        876092 kB
Mapped:           174220 kB
Shmem:             29884 kB
Slab:             110828 kB
SReclaimable:      90748 kB
SUnreclaim:        20080 kB
KernelStack:        3232 kB
PageTables:         8904 kB
NFS_Unstable:          0 kB
Bounce:                0 kB
WritebackTmp:          0 kB
CommitLimit:     6194976 kB
Committed_AS:    2678028 kB
VmallocTotal:     122880 kB
VmallocUsed:       63880 kB
VmallocChunk:      31516 kB
HardwareCorrupted:     0 kB
AnonHugePages:         0 kB
HugePages_Total:       0
HugePages_Free:        0
HugePages_Rsvd:        0
HugePages_Surp:        0
Hugepagesize:       2048 kB
DirectMap4k:        8184 kB
DirectMap2M:      905216 kB


CPU:total 4 (4 cores per cpu, 1 threads per core) family 6 model 42 stepping 7, cmov, cx8, fxsr, mmx, sse, sse2, sse3, ssse3, sse4.1, sse4.2, popcnt, avx, tsc, tscinvbit

/proc/cpuinfo:
processor	: 0
vendor_id	: GenuineIntel
cpu family	: 6
model		: 42
model name	: Intel(R) Core(TM) i5-2400 CPU @ 3.10GHz
stepping	: 7
microcode	: 0x25
cpu MHz		: 1600.000
cache size	: 6144 KB
physical id	: 0
siblings	: 4
core id		: 0
cpu cores	: 4
apicid		: 0
initial apicid	: 0
fdiv_bug	: no
hlt_bug		: no
f00f_bug	: no
coma_bug	: no
fpu		: yes
fpu_exception	: yes
cpuid level	: 13
wp		: yes
flags		: fpu vme de pse tsc msr pae mce cx8 apic sep mtrr pge mca cmov pat pse36 clflush dts acpi mmx fxsr sse sse2 ss ht tm pbe nx rdtscp lm constant_tsc arch_perfmon pebs bts xtopology nonstop_tsc aperfmperf eagerfpu pni pclmulqdq dtes64 monitor ds_cpl vmx smx est tm2 ssse3 cx16 xtpr pdcm pcid sse4_1 sse4_2 x2apic popcnt tsc_deadline_timer aes xsave avx lahf_lm ida arat epb xsaveopt pln pts dtherm tpr_shadow vnmi flexpriority ept vpid
bogomips	: 6186.50
clflush size	: 64
cache_alignment	: 64
address sizes	: 36 bits physical, 48 bits virtual
power management:

processor	: 1
vendor_id	: GenuineIntel
cpu family	: 6
model		: 42
model name	: Intel(R) Core(TM) i5-2400 CPU @ 3.10GHz
stepping	: 7
microcode	: 0x25
cpu MHz		: 1600.000
cache size	: 6144 KB
physical id	: 0
siblings	: 4
core id		: 1
cpu cores	: 4
apicid		: 2
initial apicid	: 2
fdiv_bug	: no
hlt_bug		: no
f00f_bug	: no
coma_bug	: no
fpu		: yes
fpu_exception	: yes
cpuid level	: 13
wp		: yes
flags		: fpu vme de pse tsc msr pae mce cx8 apic sep mtrr pge mca cmov pat pse36 clflush dts acpi mmx fxsr sse sse2 ss ht tm pbe nx rdtscp lm constant_tsc arch_perfmon pebs bts xtopology nonstop_tsc aperfmperf eagerfpu pni pclmulqdq dtes64 monitor ds_cpl vmx smx est tm2 ssse3 cx16 xtpr pdcm pcid sse4_1 sse4_2 x2apic popcnt tsc_deadline_timer aes xsave avx lahf_lm ida arat epb xsaveopt pln pts dtherm tpr_shadow vnmi flexpriority ept vpid
bogomips	: 6186.50
clflush size	: 64
cache_alignment	: 64
address sizes	: 36 bits physical, 48 bits virtual
power management:

processor	: 2
vendor_id	: GenuineIntel
cpu family	: 6
model		: 42
model name	: Intel(R) Core(TM) i5-2400 CPU @ 3.10GHz
stepping	: 7
microcode	: 0x25
cpu MHz		: 3101.000
cache size	: 6144 KB
physical id	: 0
siblings	: 4
core id		: 2
cpu cores	: 4
apicid		: 4
initial apicid	: 4
fdiv_bug	: no
hlt_bug		: no
f00f_bug	: no
coma_bug	: no
fpu		: yes
fpu_exception	: yes
cpuid level	: 13
wp		: yes
flags		: fpu vme de pse tsc msr pae mce cx8 apic sep mtrr pge mca cmov pat pse36 clflush dts acpi mmx fxsr sse sse2 ss ht tm pbe nx rdtscp lm constant_tsc arch_perfmon pebs bts xtopology nonstop_tsc aperfmperf eagerfpu pni pclmulqdq dtes64 monitor ds_cpl vmx smx est tm2 ssse3 cx16 xtpr pdcm pcid sse4_1 sse4_2 x2apic popcnt tsc_deadline_timer aes xsave avx lahf_lm ida arat epb xsaveopt pln pts dtherm tpr_shadow vnmi flexpriority ept vpid
bogomips	: 6186.50
clflush size	: 64
cache_alignment	: 64
address sizes	: 36 bits physical, 48 bits virtual
power management:

processor	: 3
vendor_id	: GenuineIntel
cpu family	: 6
model		: 42
model name	: Intel(R) Core(TM) i5-2400 CPU @ 3.10GHz
stepping	: 7
microcode	: 0x25
cpu MHz		: 1600.000
cache size	: 6144 KB
physical id	: 0
siblings	: 4
core id		: 3
cpu cores	: 4
apicid		: 6
initial apicid	: 6
fdiv_bug	: no
hlt_bug		: no
f00f_bug	: no
coma_bug	: no
fpu		: yes
fpu_exception	: yes
cpuid level	: 13
wp		: yes
flags		: fpu vme de pse tsc msr pae mce cx8 apic sep mtrr pge mca cmov pat pse36 clflush dts acpi mmx fxsr sse sse2 ss ht tm pbe nx rdtscp lm constant_tsc arch_perfmon pebs bts xtopology nonstop_tsc aperfmperf eagerfpu pni pclmulqdq dtes64 monitor ds_cpl vmx smx est tm2 ssse3 cx16 xtpr pdcm pcid sse4_1 sse4_2 x2apic popcnt tsc_deadline_timer aes xsave avx lahf_lm ida arat epb xsaveopt pln pts dtherm tpr_shadow vnmi flexpriority ept vpid
bogomips	: 6186.50
clflush size	: 64
cache_alignment	: 64
address sizes	: 36 bits physical, 48 bits virtual
power management:



Memory: 4k page, physical 4089416k(1187708k free), swap 4150268k(4143648k free)

vm_info: OpenJDK Server VM (23.7-b01) for linux-x86 JRE (1.7.0_21-b02), built on Apr 22 2013 07:41:32 by "buildd" with gcc 4.7.3

time: Mon Oct 21 11:19:09 2013
elapsed time: 0 seconds

