#
# A fatal error has been detected by the Java Runtime Environment:
#
#  Internal Error (javaClasses.cpp:129), pid=1312, tid=13792
#  fatal error: Invalid layout of preloaded class
#
# JRE version: 7.0_10-b18
# Java VM: Java HotSpot(TM) 64-Bit Server VM (23.6-b04 mixed mode windows-amd64 compressed oops)
# Failed to write core dump. Minidumps are not enabled by default on client versions of Windows
#
# If you would like to submit a bug report, please visit:
#   http://bugreport.sun.com/bugreport/crash.jsp
#

---------------  T H R E A D  ---------------

Current thread (0x000000000222d800):  JavaThread "Unknown thread" [_thread_in_vm, id=13792, stack(0x0000000002490000,0x0000000002590000)]

Stack: [0x0000000002490000,0x0000000002590000]

---------------  P R O C E S S  ---------------

Java Threads: ( => current thread )

Other Threads:

=>0x000000000222d800 (exited) JavaThread "Unknown thread" [_thread_in_vm, id=13792, stack(0x0000000002490000,0x0000000002590000)]

VM state:not at safepoint (not fully initialized)

VM Mutex/Monitor currently owned by a thread: None

GC Heap History (0 events):
No events

Deoptimization events (0 events):
No events

Internal exceptions (0 events):
No events

Events (10 events):
Event: 0.033 loading class 0x0000000002102d70 done
Event: 0.033 loading class 0x00000000020c4cd0 done
Event: 0.033 loading class 0x00000000020c4ca0
Event: 0.033 loading class 0x0000000007d9c670
Event: 0.033 loading class 0x0000000007d9c670 done
Event: 0.033 loading class 0x0000000007d9c6b0
Event: 0.034 loading class 0x0000000007d9c6b0 done
Event: 0.034 loading class 0x0000000007da0210
Event: 0.034 loading class 0x0000000007da0210 done
Event: 0.034 loading class 0x00000000020c4ca0 done


Dynamic libraries:
0x000000013fe30000 - 0x000000013fe63000 	C:\Program Files\Java\jre7\bin\javaw.exe
0x0000000076df0000 - 0x0000000076f99000 	C:\Windows\SYSTEM32\ntdll.dll
0x0000000076cd0000 - 0x0000000076def000 	C:\Windows\system32\kernel32.dll
0x000007fefcca0000 - 0x000007fefcd0b000 	C:\Windows\system32\KERNELBASE.dll
0x000007fefdaf0000 - 0x000007fefdbcb000 	C:\Windows\system32\ADVAPI32.dll
0x000007fefd990000 - 0x000007fefda2f000 	C:\Windows\system32\msvcrt.dll
0x000007fefd860000 - 0x000007fefd87f000 	C:\Windows\SYSTEM32\sechost.dll
0x000007fefd730000 - 0x000007fefd85d000 	C:\Windows\system32\RPCRT4.dll
0x0000000076bd0000 - 0x0000000076cca000 	C:\Windows\system32\USER32.dll
0x000007fefd920000 - 0x000007fefd987000 	C:\Windows\system32\GDI32.dll
0x000007fefda80000 - 0x000007fefda8e000 	C:\Windows\system32\LPK.dll
0x000007fefd3e0000 - 0x000007fefd4a9000 	C:\Windows\system32\USP10.dll
0x000007fefb770000 - 0x000007fefb964000 	C:\Windows\WinSxS\amd64_microsoft.windows.common-controls_6595b64144ccf1df_6.0.7601.17514_none_fa396087175ac9ac\COMCTL32.dll
0x000007fefe0d0000 - 0x000007fefe141000 	C:\Windows\system32\SHLWAPI.dll
0x000007fefda50000 - 0x000007fefda7e000 	C:\Windows\system32\IMM32.DLL
0x000007fefdbd0000 - 0x000007fefdcd9000 	C:\Windows\system32\MSCTF.dll
0x0000000073c50000 - 0x0000000073d21000 	C:\Program Files\Java\jre7\bin\msvcr100.dll
0x0000000059bf0000 - 0x000000005a30f000 	C:\Program Files\Java\jre7\bin\server\jvm.dll
0x000007fef9510000 - 0x000007fef9519000 	C:\Windows\system32\WSOCK32.dll
0x000007fefd000000 - 0x000007fefd04d000 	C:\Windows\system32\WS2_32.dll
0x000007fefeee0000 - 0x000007fefeee8000 	C:\Windows\system32\NSI.dll
0x000007fefad80000 - 0x000007fefadbb000 	C:\Windows\system32\WINMM.dll
0x0000000076fc0000 - 0x0000000076fc7000 	C:\Windows\system32\PSAPI.DLL
0x0000000074410000 - 0x000000007441f000 	C:\Program Files\Java\jre7\bin\verify.dll
0x0000000073f10000 - 0x0000000073f38000 	C:\Program Files\Java\jre7\bin\java.dll
0x00000000743d0000 - 0x00000000743e5000 	C:\Program Files\Java\jre7\bin\zip.dll

VM Arguments:
jvm_args: -Dfile.encoding=Cp1252 -Xbootclasspath/p:C:\CS481\adt-bundle-windows-x86_64-20130917\adt-bundle-windows-x86_64-20130917\sdk\platforms\android-18\android.jar;C:\CS481\adt-bundle-windows-x86_64-20130917\adt-bundle-windows-x86_64-20130917\sdk\add-ons\addon-google_apis-google-18\libs\effects.jar;C:\CS481\adt-bundle-windows-x86_64-20130917\adt-bundle-windows-x86_64-20130917\sdk\add-ons\addon-google_apis-google-18\libs\usb.jar;C:\CS481\adt-bundle-windows-x86_64-20130917\adt-bundle-windows-x86_64-20130917\sdk\add-ons\addon-google_apis-google-18\libs\maps.jar 
java_command: org.eclipse.jdt.internal.junit.runner.RemoteTestRunner -version 3 -port 64116 -testLoaderClass org.eclipse.jdt.internal.junit.runner.junit3.JUnit3TestLoader -loaderpluginname org.eclipse.jdt.junit.runtime -classNames edu.ycp.cs481.arna.shared.model.CompassControllerTest
Launcher Type: SUN_STANDARD

Environment Variables:
PATH=C:\Program Files\Common Files\Microsoft Shared\Windows Live;C:\Program Files (x86)\Common Files\Microsoft Shared\Windows Live;C:\Windows\system32;C:\Windows;C:\Windows\System32\Wbem;C:\Windows\System32\WindowsPowerShell\v1.0\;c:\Program Files (x86)\ATI Technologies\ATI.ACE\Core-Static;C:\Program Files\Dell\Dell Wireless WLAN Card;C:\Program Files (x86)\Common Files\Roxio Shared\DLLShared\;C:\Program Files (x86)\Windows Live\Shared;C:\FPC\2.4.2\bin\i386-Win32;C:\Program Files (x86)\PharosSystems\Core;C:\Program Files\Microsoft\Web Platform Installer\;C:\Program Files (x86)\Microsoft ASP.NET\ASP.NET Web Pages\v1.0\;C:\Program Files (x86)\Windows Kits\8.0\Windows Performance Toolkit\;C:\Program Files\Microsoft SQL Server\110\Tools\Binn\
USERNAME=Chris
OS=Windows_NT
PROCESSOR_IDENTIFIER=Intel64 Family 6 Model 37 Stepping 2, GenuineIntel



---------------  S Y S T E M  ---------------

OS: Windows 7 , 64 bit Build 7601 Service Pack 1

CPU:total 4 (2 cores per cpu, 2 threads per core) family 6 model 37 stepping 2, cmov, cx8, fxsr, mmx, sse, sse2, sse3, ssse3, sse4.1, sse4.2, popcnt, ht, tsc, tscinvbit

Memory: 4k page, physical 3068440k(277272k free), swap 6135016k(1383884k free)

vm_info: Java HotSpot(TM) 64-Bit Server VM (23.6-b04) for windows-amd64 JRE (1.7.0_10-b18), built on Nov 28 2012 05:00:40 by "java_re" with unknown MS VC++:1600

time: Tue Nov 05 22:15:22 2013
elapsed time: 0 seconds

